Determining if the pthread_create exist failed with the following output:
Change Dir: /home/ziv/Code/arduino/arduino-cmake/cmake-build-test/tests/arduino-mock/lib/gtest/gtest/src/gtest-build/CMakeFiles/CMakeTmp

Run Build Command:"/usr/bin/make" "cmTC_c6436/fast"
make[4]: Entering directory '/home/ziv/Code/arduino/arduino-cmake/cmake-build-test/tests/arduino-mock/lib/gtest/gtest/src/gtest-build/CMakeFiles/CMakeTmp'
/usr/bin/make -f CMakeFiles/cmTC_c6436.dir/build.make CMakeFiles/cmTC_c6436.dir/build
make[5]: Entering directory '/home/ziv/Code/arduino/arduino-cmake/cmake-build-test/tests/arduino-mock/lib/gtest/gtest/src/gtest-build/CMakeFiles/CMakeTmp'
Building C object CMakeFiles/cmTC_c6436.dir/CheckSymbolExists.c.o
/usr/bin/cc     -o CMakeFiles/cmTC_c6436.dir/CheckSymbolExists.c.o   -c /home/ziv/Code/arduino/arduino-cmake/cmake-build-test/tests/arduino-mock/lib/gtest/gtest/src/gtest-build/CMakeFiles/CMakeTmp/CheckSymbolExists.c
Linking C executable cmTC_c6436
/opt/clion-2016.3.2/bin/cmake/bin/cmake -E cmake_link_script CMakeFiles/cmTC_c6436.dir/link.txt --verbose=1
/usr/bin/cc       CMakeFiles/cmTC_c6436.dir/CheckSymbolExists.c.o  -o cmTC_c6436 -rdynamic 
CMakeFiles/cmTC_c6436.dir/CheckSymbolExists.c.o: In function `main':
CheckSymbolExists.c:(.text+0x16): undefined reference to `pthread_create'
collect2: error: ld returned 1 exit status
CMakeFiles/cmTC_c6436.dir/build.make:97: recipe for target 'cmTC_c6436' failed
make[5]: *** [cmTC_c6436] Error 1
make[5]: Leaving directory '/home/ziv/Code/arduino/arduino-cmake/cmake-build-test/tests/arduino-mock/lib/gtest/gtest/src/gtest-build/CMakeFiles/CMakeTmp'
Makefile:126: recipe for target 'cmTC_c6436/fast' failed
make[4]: *** [cmTC_c6436/fast] Error 2
make[4]: Leaving directory '/home/ziv/Code/arduino/arduino-cmake/cmake-build-test/tests/arduino-mock/lib/gtest/gtest/src/gtest-build/CMakeFiles/CMakeTmp'

File /home/ziv/Code/arduino/arduino-cmake/cmake-build-test/tests/arduino-mock/lib/gtest/gtest/src/gtest-build/CMakeFiles/CMakeTmp/CheckSymbolExists.c:
/* */
#include <pthread.h>

int main(int argc, char** argv)
{
  (void)argv;
#ifndef pthread_create
  return ((int*)(&pthread_create))[argc];
#else
  (void)argc;
  return 0;
#endif
}

Determining if the function pthread_create exists in the pthreads failed with the following output:
Change Dir: /home/ziv/Code/arduino/arduino-cmake/cmake-build-test/tests/arduino-mock/lib/gtest/gtest/src/gtest-build/CMakeFiles/CMakeTmp

Run Build Command:"/usr/bin/make" "cmTC_99191/fast"
make[4]: Entering directory '/home/ziv/Code/arduino/arduino-cmake/cmake-build-test/tests/arduino-mock/lib/gtest/gtest/src/gtest-build/CMakeFiles/CMakeTmp'
/usr/bin/make -f CMakeFiles/cmTC_99191.dir/build.make CMakeFiles/cmTC_99191.dir/build
make[5]: Entering directory '/home/ziv/Code/arduino/arduino-cmake/cmake-build-test/tests/arduino-mock/lib/gtest/gtest/src/gtest-build/CMakeFiles/CMakeTmp'
Building C object CMakeFiles/cmTC_99191.dir/CheckFunctionExists.c.o
/usr/bin/cc    -DCHECK_FUNCTION_EXISTS=pthread_create   -o CMakeFiles/cmTC_99191.dir/CheckFunctionExists.c.o   -c /opt/clion-2016.3.2/bin/cmake/share/cmake-3.6/Modules/CheckFunctionExists.c
Linking C executable cmTC_99191
/opt/clion-2016.3.2/bin/cmake/bin/cmake -E cmake_link_script CMakeFiles/cmTC_99191.dir/link.txt --verbose=1
/usr/bin/cc   -DCHECK_FUNCTION_EXISTS=pthread_create    CMakeFiles/cmTC_99191.dir/CheckFunctionExists.c.o  -o cmTC_99191 -rdynamic -lpthreads 
/usr/bin/ld: cannot find -lpthreads
collect2: error: ld returned 1 exit status
CMakeFiles/cmTC_99191.dir/build.make:97: recipe for target 'cmTC_99191' failed
make[5]: *** [cmTC_99191] Error 1
make[5]: Leaving directory '/home/ziv/Code/arduino/arduino-cmake/cmake-build-test/tests/arduino-mock/lib/gtest/gtest/src/gtest-build/CMakeFiles/CMakeTmp'
Makefile:126: recipe for target 'cmTC_99191/fast' failed
make[4]: *** [cmTC_99191/fast] Error 2
make[4]: Leaving directory '/home/ziv/Code/arduino/arduino-cmake/cmake-build-test/tests/arduino-mock/lib/gtest/gtest/src/gtest-build/CMakeFiles/CMakeTmp'


